  [1m[35m (261.2ms)[0m  [1m[35mCREATE DATABASE "wOrder_api_development" ENCODING = 'unicode'[0m
  [1m[35m (110.5ms)[0m  [1m[35mCREATE DATABASE "wOrder_api_test" ENCODING = 'unicode'[0m
  [1m[35m (11.4ms)[0m  [1m[35mCREATE TABLE "schema_migrations" ("version" character varying NOT NULL PRIMARY KEY)[0m
  [1m[35m (6.3ms)[0m  [1m[35mCREATE TABLE "ar_internal_metadata" ("key" character varying NOT NULL PRIMARY KEY, "value" character varying, "created_at" timestamp(6) NOT NULL, "updated_at" timestamp(6) NOT NULL)[0m
  [1m[35m (0.2ms)[0m  [1m[34mSELECT pg_try_advisory_lock(5019538621353154710)[0m
  [1m[35m (0.6ms)[0m  [1m[34mSELECT "schema_migrations"."version" FROM "schema_migrations" ORDER BY "schema_migrations"."version" ASC[0m
Migrating to CreateUsers (20200113204717)
  [1m[35m (0.2ms)[0m  [1m[35mBEGIN[0m
  [1m[35m (6.1ms)[0m  [1m[35mCREATE TABLE "users" ("id" bigserial primary key, "username" character varying, "password_digest" character varying, "created_at" timestamp(6) NOT NULL, "updated_at" timestamp(6) NOT NULL)[0m
  [1m[36mprimary::SchemaMigration Create (1.0ms)[0m  [1m[32mINSERT INTO "schema_migrations" ("version") VALUES ($1) RETURNING "version"[0m  [["version", "20200113204717"]]
  [1m[35m (0.7ms)[0m  [1m[35mCOMMIT[0m
  [1m[36mActiveRecord::InternalMetadata Load (0.4ms)[0m  [1m[34mSELECT "ar_internal_metadata".* FROM "ar_internal_metadata" WHERE "ar_internal_metadata"."key" = $1 LIMIT $2[0m  [["key", "environment"], ["LIMIT", 1]]
  [1m[35m (0.2ms)[0m  [1m[35mBEGIN[0m
  [1m[36mActiveRecord::InternalMetadata Create (0.5ms)[0m  [1m[32mINSERT INTO "ar_internal_metadata" ("key", "value", "created_at", "updated_at") VALUES ($1, $2, $3, $4) RETURNING "key"[0m  [["key", "environment"], ["value", "development"], ["created_at", "2020-01-13 20:49:39.359632"], ["updated_at", "2020-01-13 20:49:39.359632"]]
  [1m[35m (0.5ms)[0m  [1m[35mCOMMIT[0m
  [1m[35m (0.3ms)[0m  [1m[34mSELECT pg_advisory_unlock(5019538621353154710)[0m
  [1m[35m (0.8ms)[0m  [1m[34mSELECT "schema_migrations"."version" FROM "schema_migrations" ORDER BY "schema_migrations"."version" ASC[0m
  [1m[36mUser Load (0.8ms)[0m  [1m[34mSELECT "users".* FROM "users"[0m
  [1m[35m (0.7ms)[0m  [1m[35mBEGIN[0m
  [1m[36mUser Create (1.1ms)[0m  [1m[32mINSERT INTO "users" ("username", "password_digest", "created_at", "updated_at") VALUES ($1, $2, $3, $4) RETURNING "id"[0m  [["username", "user1"], ["password_digest", "$2a$12$D3Y/kvaI/pvwWdLtuFok3uvU3kJAt6CmG.vIpK9J6EYOLYsA0bSxO"], ["created_at", "2020-01-13 20:52:42.948291"], ["updated_at", "2020-01-13 20:52:42.948291"]]
  [1m[35m (0.7ms)[0m  [1m[35mCOMMIT[0m
  [1m[36mUser Load (0.5ms)[0m  [1m[34mSELECT "users".* FROM "users"[0m
Started POST "/users/login?username=user1&password=[FILTERED]" for ::1 at 2020-01-13 15:57:53 -0500
  [1m[35m (1.2ms)[0m  [1m[34mSELECT "schema_migrations"."version" FROM "schema_migrations" ORDER BY "schema_migrations"."version" ASC[0m
Processing by UsersController#login as */*
  Parameters: {"username"=>"user1", "password"=>"[FILTERED]"}
  [1m[36mUser Load (2.2ms)[0m  [1m[34mSELECT "users".* FROM "users" WHERE "users"."username" = $1 LIMIT $2[0m  [["username", "user1"], ["LIMIT", 1]]
  ↳ app/controllers/users_controller.rb:51:in `login'
Completed 500 Internal Server Error in 652ms (ActiveRecord: 9.4ms | Allocations: 40858)


  
NoMethodError (undefined method `create_token' for #<UsersController:0x00007fc316ac1b70>):
  
app/controllers/users_controller.rb:53:in `login'
Started POST "/users/login?username=user1&password=[FILTERED]" for ::1 at 2020-01-13 16:07:59 -0500
  [1m[35m (1.2ms)[0m  [1m[34mSELECT "schema_migrations"."version" FROM "schema_migrations" ORDER BY "schema_migrations"."version" ASC[0m
Processing by UsersController#login as */*
  Parameters: {"username"=>"user1", "password"=>"[FILTERED]"}
  [1m[36mUser Load (0.9ms)[0m  [1m[34mSELECT "users".* FROM "users" WHERE "users"."username" = $1 LIMIT $2[0m  [["username", "user1"], ["LIMIT", 1]]
  ↳ app/controllers/users_controller.rb:51:in `login'
Completed 200 OK in 299ms (Views: 0.5ms | ActiveRecord: 5.8ms | Allocations: 5447)


Started GET "/" for ::1 at 2020-01-13 16:12:17 -0500
Processing by Rails::WelcomeController#index as HTML
  Rendering /Users/janecogger/.rbenv/versions/2.6.5/lib/ruby/gems/2.6.0/gems/railties-6.0.2.1/lib/rails/templates/rails/welcome/index.html.erb
  Rendered /Users/janecogger/.rbenv/versions/2.6.5/lib/ruby/gems/2.6.0/gems/railties-6.0.2.1/lib/rails/templates/rails/welcome/index.html.erb (Duration: 10.5ms | Allocations: 485)
Completed 200 OK in 29ms (Views: 19.8ms | ActiveRecord: 0.0ms | Allocations: 3005)


Started GET "/favicon.ico" for ::1 at 2020-01-13 16:12:18 -0500
  
ActionController::RoutingError (No route matches [GET] "/favicon.ico"):
  
actionpack (6.0.2.1) lib/action_dispatch/middleware/debug_exceptions.rb:36:in `call'
actionpack (6.0.2.1) lib/action_dispatch/middleware/show_exceptions.rb:33:in `call'
railties (6.0.2.1) lib/rails/rack/logger.rb:38:in `call_app'
railties (6.0.2.1) lib/rails/rack/logger.rb:26:in `block in call'
activesupport (6.0.2.1) lib/active_support/tagged_logging.rb:80:in `block in tagged'
activesupport (6.0.2.1) lib/active_support/tagged_logging.rb:28:in `tagged'
activesupport (6.0.2.1) lib/active_support/tagged_logging.rb:80:in `tagged'
railties (6.0.2.1) lib/rails/rack/logger.rb:26:in `call'
actionpack (6.0.2.1) lib/action_dispatch/middleware/remote_ip.rb:81:in `call'
actionpack (6.0.2.1) lib/action_dispatch/middleware/request_id.rb:27:in `call'
rack (2.1.1) lib/rack/runtime.rb:24:in `call'
activesupport (6.0.2.1) lib/active_support/cache/strategy/local_cache_middleware.rb:29:in `call'
actionpack (6.0.2.1) lib/action_dispatch/middleware/executor.rb:14:in `call'
actionpack (6.0.2.1) lib/action_dispatch/middleware/static.rb:126:in `call'
rack (2.1.1) lib/rack/sendfile.rb:113:in `call'
actionpack (6.0.2.1) lib/action_dispatch/middleware/host_authorization.rb:83:in `call'
railties (6.0.2.1) lib/rails/engine.rb:526:in `call'
puma (4.3.1) lib/puma/configuration.rb:228:in `call'
puma (4.3.1) lib/puma/server.rb:681:in `handle_request'
puma (4.3.1) lib/puma/server.rb:472:in `process_client'
puma (4.3.1) lib/puma/server.rb:328:in `block in run'
puma (4.3.1) lib/puma/thread_pool.rb:134:in `block in spawn_thread'
Started GET "/users" for ::1 at 2020-01-13 16:13:59 -0500
Processing by UsersController#index as HTML
Filter chain halted as :authenticate_token rendered or redirected
Completed 200 OK in 1ms (Views: 0.2ms | ActiveRecord: 0.0ms | Allocations: 199)


Started GET "/users" for ::1 at 2020-01-13 16:15:14 -0500
Processing by UsersController#index as */*
  Parameters: {"username"=>"Thomasino", "password"=>"[FILTERED]"}
Filter chain halted as :authenticate_token rendered or redirected
Completed 200 OK in 1ms (Views: 0.2ms | ActiveRecord: 0.0ms | Allocations: 143)


Started GET "/users?Authorization=Bearer%20eyJhbGciOiJIUzI1NiJ9.eyJleHAiOjE1Nzg5NTE0NzksImlhdCI6MTU3ODk0OTY3OSwiaXNzIjoid2hvZXZlcnlvdXdhbnQiLCJ1c2VyIjp7ImlkIjoxLCJ1c2VybmFtZSI6InVzZXIxIn19.tb2Sb827hY3_RSPOCQs6PsfL_g_4fGQWbVGuBz0YHBc" for ::1 at 2020-01-13 16:15:30 -0500
Processing by UsersController#index as */*
  Parameters: {"username"=>"Thomasino", "password"=>"[FILTERED]", "Authorization"=>"Bearer eyJhbGciOiJIUzI1NiJ9.eyJleHAiOjE1Nzg5NTE0NzksImlhdCI6MTU3ODk0OTY3OSwiaXNzIjoid2hvZXZlcnlvdXdhbnQiLCJ1c2VyIjp7ImlkIjoxLCJ1c2VybmFtZSI6InVzZXIxIn19.tb2Sb827hY3_RSPOCQs6PsfL_g_4fGQWbVGuBz0YHBc"}
Filter chain halted as :authenticate_token rendered or redirected
Completed 200 OK in 1ms (Views: 0.2ms | ActiveRecord: 0.0ms | Allocations: 143)


Started GET "/users/1?Authorization=Bearer%20eyJhbGciOiJIUzI1NiJ9.eyJleHAiOjE1Nzg5NTE0NzksImlhdCI6MTU3ODk0OTY3OSwiaXNzIjoid2hvZXZlcnlvdXdhbnQiLCJ1c2VyIjp7ImlkIjoxLCJ1c2VybmFtZSI6InVzZXIxIn19.tb2Sb827hY3_RSPOCQs6PsfL_g_4fGQWbVGuBz0YHBc" for ::1 at 2020-01-13 16:20:01 -0500
Processing by UsersController#show as */*
  Parameters: {"username"=>"Thomasino", "password"=>"[FILTERED]", "Authorization"=>"Bearer eyJhbGciOiJIUzI1NiJ9.eyJleHAiOjE1Nzg5NTE0NzksImlhdCI6MTU3ODk0OTY3OSwiaXNzIjoid2hvZXZlcnlvdXdhbnQiLCJ1c2VyIjp7ImlkIjoxLCJ1c2VybmFtZSI6InVzZXIxIn19.tb2Sb827hY3_RSPOCQs6PsfL_g_4fGQWbVGuBz0YHBc", "id"=>"1"}
  [1m[36mUser Load (0.3ms)[0m  [1m[34mSELECT "users".* FROM "users" WHERE "users"."id" = $1 LIMIT $2[0m  [["id", 1], ["LIMIT", 1]]
  ↳ app/controllers/users_controller.rb:65:in `set_user'
Filter chain halted as :authenticate_token rendered or redirected
Completed 200 OK in 15ms (Views: 0.2ms | ActiveRecord: 3.2ms | Allocations: 4419)


Started GET "/users/1?Authorization=eyJhbGciOiJIUzI1NiJ9.eyJleHAiOjE1Nzg5NTE0NzksImlhdCI6MTU3ODk0OTY3OSwiaXNzIjoid2hvZXZlcnlvdXdhbnQiLCJ1c2VyIjp7ImlkIjoxLCJ1c2VybmFtZSI6InVzZXIxIn19.tb2Sb827hY3_RSPOCQs6PsfL_g_4fGQWbVGuBz0YHBc" for ::1 at 2020-01-13 16:20:31 -0500
Processing by UsersController#show as */*
  Parameters: {"username"=>"Thomasino", "password"=>"[FILTERED]", "Authorization"=>"eyJhbGciOiJIUzI1NiJ9.eyJleHAiOjE1Nzg5NTE0NzksImlhdCI6MTU3ODk0OTY3OSwiaXNzIjoid2hvZXZlcnlvdXdhbnQiLCJ1c2VyIjp7ImlkIjoxLCJ1c2VybmFtZSI6InVzZXIxIn19.tb2Sb827hY3_RSPOCQs6PsfL_g_4fGQWbVGuBz0YHBc", "id"=>"1"}
  [1m[36mUser Load (0.7ms)[0m  [1m[34mSELECT "users".* FROM "users" WHERE "users"."id" = $1 LIMIT $2[0m  [["id", 1], ["LIMIT", 1]]
  ↳ app/controllers/users_controller.rb:65:in `set_user'
Filter chain halted as :authenticate_token rendered or redirected
Completed 200 OK in 3ms (Views: 0.2ms | ActiveRecord: 0.7ms | Allocations: 700)


Started POST "/users/register?username=user2&password=[FILTERED]" for ::1 at 2020-01-13 16:23:47 -0500
Processing by UsersController#register as */*
  Parameters: {"username"=>"user2", "password"=>"[FILTERED]"}
  [1m[35m (0.2ms)[0m  [1m[35mBEGIN[0m
  ↳ app/controllers/users_controller.rb:49:in `register'
  [1m[36mUser Create (3.5ms)[0m  [1m[32mINSERT INTO "users" ("username", "password_digest", "created_at", "updated_at") VALUES ($1, $2, $3, $4) RETURNING "id"[0m  [["username", "user2"], ["password_digest", "$2a$12$IK0wCXRfp9RDTdd60536Be5iOu.pd9BD.Brt9bhAn6QSFzAPyzl/O"], ["created_at", "2020-01-13 21:23:48.393679"], ["updated_at", "2020-01-13 21:23:48.393679"]]
  ↳ app/controllers/users_controller.rb:49:in `register'
  [1m[35m (4.7ms)[0m  [1m[35mCOMMIT[0m
  ↳ app/controllers/users_controller.rb:49:in `register'
Completed 201 Created in 440ms (Views: 1.1ms | ActiveRecord: 17.2ms | Allocations: 6295)


Started POST "/users/login?username=user2&password=[FILTERED]" for ::1 at 2020-01-13 16:24:16 -0500
Processing by UsersController#login as */*
  Parameters: {"username"=>"user2", "password"=>"[FILTERED]"}
  [1m[36mUser Load (0.7ms)[0m  [1m[34mSELECT "users".* FROM "users" WHERE "users"."username" = $1 LIMIT $2[0m  [["username", "user2"], ["LIMIT", 1]]
  ↳ app/controllers/users_controller.rb:57:in `login'
Completed 200 OK in 421ms (Views: 0.4ms | ActiveRecord: 0.7ms | Allocations: 1024)


Started GET "/users/2?Authorization=Bearer%20eyJhbGciOiJIUzI1NiJ9.eyJleHAiOjE1Nzg5NTI0NTYsImlhdCI6MTU3ODk1MDY1NiwiaXNzIjoid2hvZXZlcnlvdXdhbnQiLCJ1c2VyIjp7ImlkIjoyLCJ1c2VybmFtZSI6InVzZXIyIn19.NU6avAyGkEdaFe4Fvuhhv7BRA4MUYoZzcwBYeD1xt9A" for ::1 at 2020-01-13 16:25:24 -0500
Processing by UsersController#show as */*
  Parameters: {"username"=>"Thomasino", "password"=>"[FILTERED]", "Authorization"=>"Bearer eyJhbGciOiJIUzI1NiJ9.eyJleHAiOjE1Nzg5NTI0NTYsImlhdCI6MTU3ODk1MDY1NiwiaXNzIjoid2hvZXZlcnlvdXdhbnQiLCJ1c2VyIjp7ImlkIjoyLCJ1c2VybmFtZSI6InVzZXIyIn19.NU6avAyGkEdaFe4Fvuhhv7BRA4MUYoZzcwBYeD1xt9A", "id"=>"2"}
  [1m[36mUser Load (2.0ms)[0m  [1m[34mSELECT "users".* FROM "users" WHERE "users"."id" = $1 LIMIT $2[0m  [["id", 2], ["LIMIT", 1]]
  ↳ app/controllers/users_controller.rb:69:in `set_user'
Filter chain halted as :authenticate_token rendered or redirected
Completed 200 OK in 5ms (Views: 0.2ms | ActiveRecord: 2.0ms | Allocations: 804)


